[2020-05-10 00:23:36] local.ERROR: Symfony\Component\Console\Exception\CommandNotFoundException: There are no commands defined in the "keey" namespace.

Did you mean this?
    key in /Applications/MAMP/htdocs/lab-10-kamolliddin/vendor/symfony/console/Application.php:489
Stack trace:
#0 /Applications/MAMP/htdocs/lab-10-kamolliddin/vendor/symfony/console/Application.php(521): Symfony\Component\Console\Application->findNamespace('keey')
#1 /Applications/MAMP/htdocs/lab-10-kamolliddin/vendor/symfony/console/Application.php(183): Symfony\Component\Console\Application->find('keey:generate')
#2 /Applications/MAMP/htdocs/lab-10-kamolliddin/vendor/symfony/console/Application.php(117): Symfony\Component\Console\Application->doRun(Object(Symfony\Component\Console\Input\ArgvInput), Object(Symfony\Component\Console\Output\ConsoleOutput))
#3 /Applications/MAMP/htdocs/lab-10-kamolliddin/vendor/laravel/framework/src/Illuminate/Foundation/Console/Kernel.php(110): Symfony\Component\Console\Application->run(Object(Symfony\Component\Console\Input\ArgvInput), Object(Symfony\Component\Console\Output\ConsoleOutput))
#4 /Applications/MAMP/htdocs/lab-10-kamolliddin/artisan(35): Illuminate\Foundation\Console\Kernel->handle(Object(Symfony\Component\Console\Input\ArgvInput), Object(Symfony\Component\Console\Output\ConsoleOutput))
#5 {main}  
[2020-05-10 00:25:37] local.ERROR: PDOException: SQLSTATE[42S01]: Base table or view already exists: 1050 Table 'posts' already exists in /Applications/MAMP/htdocs/lab-10-kamolliddin/vendor/laravel/framework/src/Illuminate/Database/Connection.php:480
Stack trace:
#0 /Applications/MAMP/htdocs/lab-10-kamolliddin/vendor/laravel/framework/src/Illuminate/Database/Connection.php(480): PDOStatement->execute()
#1 /Applications/MAMP/htdocs/lab-10-kamolliddin/vendor/laravel/framework/src/Illuminate/Database/Connection.php(747): Illuminate\Database\Connection->Illuminate\Database\{closure}(Object(Illuminate\Database\MySqlConnection), 'create table `p...', Array)
#2 /Applications/MAMP/htdocs/lab-10-kamolliddin/vendor/laravel/framework/src/Illuminate/Database/Connection.php(710): Illuminate\Database\Connection->runQueryCallback('create table `p...', Array, Object(Closure))
#3 /Applications/MAMP/htdocs/lab-10-kamolliddin/vendor/laravel/framework/src/Illuminate/Database/Connection.php(481): Illuminate\Database\Connection->run('create table `p...', Array, Object(Closure))
#4 /Applications/MAMP/htdocs/lab-10-kamolliddin/vendor/laravel/framework/src/Illuminate/Database/Schema/Blueprint.php(83): Illuminate\Database\Connection->statement('create table `p...')
#5 /Applications/MAMP/htdocs/lab-10-kamolliddin/vendor/laravel/framework/src/Illuminate/Database/Schema/Builder.php(229): Illuminate\Database\Schema\Blueprint->build(Object(Illuminate\Database\MySqlConnection), Object(Illuminate\Database\Schema\Grammars\MySqlGrammar))
#6 /Applications/MAMP/htdocs/lab-10-kamolliddin/vendor/laravel/framework/src/Illuminate/Database/Schema/Builder.php(148): Illuminate\Database\Schema\Builder->build(Object(Illuminate\Database\Schema\Blueprint))
#7 /Applications/MAMP/htdocs/lab-10-kamolliddin/bootstrap/cache/compiled.php(6229): Illuminate\Database\Schema\Builder->create('posts', Object(Closure))
#8 /Applications/MAMP/htdocs/lab-10-kamolliddin/database/migrations/2016_10_20_134246_create_posts_table.php(21): Illuminate\Support\Facades\Facade::__callStatic('create', Array)
#9 /Applications/MAMP/htdocs/lab-10-kamolliddin/vendor/laravel/framework/src/Illuminate/Database/Migrations/Migrator.php(162): CreatePostsTable->up()
#10 /Applications/MAMP/htdocs/lab-10-kamolliddin/vendor/laravel/framework/src/Illuminate/Database/Migrations/Migrator.php(130): Illuminate\Database\Migrations\Migrator->runUp('2016_10_20_1342...', 3, false)
#11 /Applications/MAMP/htdocs/lab-10-kamolliddin/vendor/laravel/framework/src/Illuminate/Database/Migrations/Migrator.php(97): Illuminate\Database\Migrations\Migrator->runMigrationList(Array, Array)
#12 /Applications/MAMP/htdocs/lab-10-kamolliddin/vendor/laravel/framework/src/Illuminate/Database/Console/Migrations/MigrateCommand.php(65): Illuminate\Database\Migrations\Migrator->run(Array, Array)
#13 [internal function]: Illuminate\Database\Console\Migrations\MigrateCommand->fire()
#14 /Applications/MAMP/htdocs/lab-10-kamolliddin/bootstrap/cache/compiled.php(1263): call_user_func_array(Array, Array)
#15 /Applications/MAMP/htdocs/lab-10-kamolliddin/vendor/laravel/framework/src/Illuminate/Console/Command.php(169): Illuminate\Container\Container->call(Array)
#16 /Applications/MAMP/htdocs/lab-10-kamolliddin/vendor/symfony/console/Command/Command.php(256): Illuminate\Console\Command->execute(Object(Symfony\Component\Console\Input\ArgvInput), Object(Symfony\Component\Console\Output\ConsoleOutput))
#17 /Applications/MAMP/htdocs/lab-10-kamolliddin/vendor/laravel/framework/src/Illuminate/Console/Command.php(155): Symfony\Component\Console\Command\Command->run(Object(Symfony\Component\Console\Input\ArgvInput), Object(Symfony\Component\Console\Output\ConsoleOutput))
#18 /Applications/MAMP/htdocs/lab-10-kamolliddin/vendor/symfony/console/Application.php(818): Illuminate\Console\Command->run(Object(Symfony\Component\Console\Input\ArgvInput), Object(Symfony\Component\Console\Output\ConsoleOutput))
#19 /Applications/MAMP/htdocs/lab-10-kamolliddin/vendor/symfony/console/Application.php(186): Symfony\Component\Console\Application->doRunCommand(Object(Illuminate\Database\Console\Migrations\MigrateCommand), Object(Symfony\Component\Console\Input\ArgvInput), Object(Symfony\Component\Console\Output\ConsoleOutput))
#20 /Applications/MAMP/htdocs/lab-10-kamolliddin/vendor/symfony/console/Application.php(117): Symfony\Component\Console\Application->doRun(Object(Symfony\Component\Console\Input\ArgvInput), Object(Symfony\Component\Console\Output\ConsoleOutput))
#21 /Applications/MAMP/htdocs/lab-10-kamolliddin/vendor/laravel/framework/src/Illuminate/Foundation/Console/Kernel.php(110): Symfony\Component\Console\Application->run(Object(Symfony\Component\Console\Input\ArgvInput), Object(Symfony\Component\Console\Output\ConsoleOutput))
#22 /Applications/MAMP/htdocs/lab-10-kamolliddin/artisan(35): Illuminate\Foundation\Console\Kernel->handle(Object(Symfony\Component\Console\Input\ArgvInput), Object(Symfony\Component\Console\Output\ConsoleOutput))
#23 {main}

Next Illuminate\Database\QueryException: SQLSTATE[42S01]: Base table or view already exists: 1050 Table 'posts' already exists (SQL: create table `posts` (`id` int unsigned not null auto_increment primary key, `created_at` timestamp null, `updated_at` timestamp null, `title` varchar(255) not null, `content` text not null) default character set utf8mb4 collate utf8mb4_unicode_ci) in /Applications/MAMP/htdocs/lab-10-kamolliddin/vendor/laravel/framework/src/Illuminate/Database/Connection.php:754
Stack trace:
#0 /Applications/MAMP/htdocs/lab-10-kamolliddin/vendor/laravel/framework/src/Illuminate/Database/Connection.php(710): Illuminate\Database\Connection->runQueryCallback('create table `p...', Array, Object(Closure))
#1 /Applications/MAMP/htdocs/lab-10-kamolliddin/vendor/laravel/framework/src/Illuminate/Database/Connection.php(481): Illuminate\Database\Connection->run('create table `p...', Array, Object(Closure))
#2 /Applications/MAMP/htdocs/lab-10-kamolliddin/vendor/laravel/framework/src/Illuminate/Database/Schema/Blueprint.php(83): Illuminate\Database\Connection->statement('create table `p...')
#3 /Applications/MAMP/htdocs/lab-10-kamolliddin/vendor/laravel/framework/src/Illuminate/Database/Schema/Builder.php(229): Illuminate\Database\Schema\Blueprint->build(Object(Illuminate\Database\MySqlConnection), Object(Illuminate\Database\Schema\Grammars\MySqlGrammar))
#4 /Applications/MAMP/htdocs/lab-10-kamolliddin/vendor/laravel/framework/src/Illuminate/Database/Schema/Builder.php(148): Illuminate\Database\Schema\Builder->build(Object(Illuminate\Database\Schema\Blueprint))
#5 /Applications/MAMP/htdocs/lab-10-kamolliddin/bootstrap/cache/compiled.php(6229): Illuminate\Database\Schema\Builder->create('posts', Object(Closure))
#6 /Applications/MAMP/htdocs/lab-10-kamolliddin/database/migrations/2016_10_20_134246_create_posts_table.php(21): Illuminate\Support\Facades\Facade::__callStatic('create', Array)
#7 /Applications/MAMP/htdocs/lab-10-kamolliddin/vendor/laravel/framework/src/Illuminate/Database/Migrations/Migrator.php(162): CreatePostsTable->up()
#8 /Applications/MAMP/htdocs/lab-10-kamolliddin/vendor/laravel/framework/src/Illuminate/Database/Migrations/Migrator.php(130): Illuminate\Database\Migrations\Migrator->runUp('2016_10_20_1342...', 3, false)
#9 /Applications/MAMP/htdocs/lab-10-kamolliddin/vendor/laravel/framework/src/Illuminate/Database/Migrations/Migrator.php(97): Illuminate\Database\Migrations\Migrator->runMigrationList(Array, Array)
#10 /Applications/MAMP/htdocs/lab-10-kamolliddin/vendor/laravel/framework/src/Illuminate/Database/Console/Migrations/MigrateCommand.php(65): Illuminate\Database\Migrations\Migrator->run(Array, Array)
#11 [internal function]: Illuminate\Database\Console\Migrations\MigrateCommand->fire()
#12 /Applications/MAMP/htdocs/lab-10-kamolliddin/bootstrap/cache/compiled.php(1263): call_user_func_array(Array, Array)
#13 /Applications/MAMP/htdocs/lab-10-kamolliddin/vendor/laravel/framework/src/Illuminate/Console/Command.php(169): Illuminate\Container\Container->call(Array)
#14 /Applications/MAMP/htdocs/lab-10-kamolliddin/vendor/symfony/console/Command/Command.php(256): Illuminate\Console\Command->execute(Object(Symfony\Component\Console\Input\ArgvInput), Object(Symfony\Component\Console\Output\ConsoleOutput))
#15 /Applications/MAMP/htdocs/lab-10-kamolliddin/vendor/laravel/framework/src/Illuminate/Console/Command.php(155): Symfony\Component\Console\Command\Command->run(Object(Symfony\Component\Console\Input\ArgvInput), Object(Symfony\Component\Console\Output\ConsoleOutput))
#16 /Applications/MAMP/htdocs/lab-10-kamolliddin/vendor/symfony/console/Application.php(818): Illuminate\Console\Command->run(Object(Symfony\Component\Console\Input\ArgvInput), Object(Symfony\Component\Console\Output\ConsoleOutput))
#17 /Applications/MAMP/htdocs/lab-10-kamolliddin/vendor/symfony/console/Application.php(186): Symfony\Component\Console\Application->doRunCommand(Object(Illuminate\Database\Console\Migrations\MigrateCommand), Object(Symfony\Component\Console\Input\ArgvInput), Object(Symfony\Component\Console\Output\ConsoleOutput))
#18 /Applications/MAMP/htdocs/lab-10-kamolliddin/vendor/symfony/console/Application.php(117): Symfony\Component\Console\Application->doRun(Object(Symfony\Component\Console\Input\ArgvInput), Object(Symfony\Component\Console\Output\ConsoleOutput))
#19 /Applications/MAMP/htdocs/lab-10-kamolliddin/vendor/laravel/framework/src/Illuminate/Foundation/Console/Kernel.php(110): Symfony\Component\Console\Application->run(Object(Symfony\Component\Console\Input\ArgvInput), Object(Symfony\Component\Console\Output\ConsoleOutput))
#20 /Applications/MAMP/htdocs/lab-10-kamolliddin/artisan(35): Illuminate\Foundation\Console\Kernel->handle(Object(Symfony\Component\Console\Input\ArgvInput), Object(Symfony\Component\Console\Output\ConsoleOutput))
#21 {main}  
